  Window.cpp
  Shader.cpp
  SceneNode.cpp
  Quaternion.cpp
  Plane.cpp
  OGLRenderer.cpp
c:\users\damgo\desktop\game dev\graphics\coursework\nclgl\oglrenderer.cpp(256): warning C4018: '<': signed/unsigned mismatch
  OBJMesh.cpp
  Mouse.cpp
  Mesh.cpp
  MD5Node.cpp
  MD5Mesh.cpp
  MD5FileData.cpp
  MD5Anim.cpp
  Matrix4.cpp
  Keyboard.cpp
  HeightMap.cpp
  GameTimer.cpp
  Frustum.cpp
  Camera.cpp
  Generating Code...
  nclgl.vcxproj -> C:\Users\damgo\Desktop\Game Dev\Graphics\Coursework\nclgl\Debug\nclgl.lib
