c:\users\b7054514\downloads\graphics code 2017\nclgl\release\nclgl.pdb
c:\users\b7054514\downloads\graphics code 2017\nclgl\release\window.obj
c:\users\b7054514\downloads\graphics code 2017\nclgl\release\shader.obj
c:\users\b7054514\downloads\graphics code 2017\nclgl\release\scenenode.obj
c:\users\b7054514\downloads\graphics code 2017\nclgl\release\quaternion.obj
c:\users\b7054514\downloads\graphics code 2017\nclgl\release\plane.obj
c:\users\b7054514\downloads\graphics code 2017\nclgl\release\oglrenderer.obj
c:\users\b7054514\downloads\graphics code 2017\nclgl\release\objmesh.obj
c:\users\b7054514\downloads\graphics code 2017\nclgl\release\mouse.obj
c:\users\b7054514\downloads\graphics code 2017\nclgl\release\mesh.obj
c:\users\b7054514\downloads\graphics code 2017\nclgl\release\md5node.obj
c:\users\b7054514\downloads\graphics code 2017\nclgl\release\md5mesh.obj
c:\users\b7054514\downloads\graphics code 2017\nclgl\release\md5filedata.obj
c:\users\b7054514\downloads\graphics code 2017\nclgl\release\md5anim.obj
c:\users\b7054514\downloads\graphics code 2017\nclgl\release\matrix4.obj
c:\users\b7054514\downloads\graphics code 2017\nclgl\release\keyboard.obj
c:\users\b7054514\downloads\graphics code 2017\nclgl\release\heightmap.obj
c:\users\b7054514\downloads\graphics code 2017\nclgl\release\gametimer.obj
c:\users\b7054514\downloads\graphics code 2017\nclgl\release\frustum.obj
c:\users\b7054514\downloads\graphics code 2017\nclgl\release\camera.obj
\\campus\home\home2016\b7054514\desktop\coursework\nclgl\release\nclgl.pdb
\\campus\home\home2016\b7054514\desktop\coursework\nclgl\release\window.obj
\\campus\home\home2016\b7054514\desktop\coursework\nclgl\release\shader.obj
\\campus\home\home2016\b7054514\desktop\coursework\nclgl\release\scenenode.obj
\\campus\home\home2016\b7054514\desktop\coursework\nclgl\release\quaternion.obj
\\campus\home\home2016\b7054514\desktop\coursework\nclgl\release\plane.obj
\\campus\home\home2016\b7054514\desktop\coursework\nclgl\release\oglrenderer.obj
\\campus\home\home2016\b7054514\desktop\coursework\nclgl\release\objmesh.obj
\\campus\home\home2016\b7054514\desktop\coursework\nclgl\release\mouse.obj
\\campus\home\home2016\b7054514\desktop\coursework\nclgl\release\mesh.obj
\\campus\home\home2016\b7054514\desktop\coursework\nclgl\release\md5node.obj
\\campus\home\home2016\b7054514\desktop\coursework\nclgl\release\md5mesh.obj
\\campus\home\home2016\b7054514\desktop\coursework\nclgl\release\md5filedata.obj
\\campus\home\home2016\b7054514\desktop\coursework\nclgl\release\md5anim.obj
\\campus\home\home2016\b7054514\desktop\coursework\nclgl\release\matrix4.obj
\\campus\home\home2016\b7054514\desktop\coursework\nclgl\release\keyboard.obj
\\campus\home\home2016\b7054514\desktop\coursework\nclgl\release\heightmap.obj
\\campus\home\home2016\b7054514\desktop\coursework\nclgl\release\gametimer.obj
\\campus\home\home2016\b7054514\desktop\coursework\nclgl\release\frustum.obj
\\campus\home\home2016\b7054514\desktop\coursework\nclgl\release\camera.obj
c:\users\b7054514\downloads\graphics code 2017\graphics for games\release\nclgl.lib
\\campus\home\home2016\b7054514\desktop\coursework\graphics for games\release\nclgl.lib
c:\users\damgo\desktop\game dev\graphics\coursework\nclgl\release\camera.obj
c:\users\damgo\desktop\game dev\graphics\coursework\nclgl\release\frustum.obj
c:\users\damgo\desktop\game dev\graphics\coursework\nclgl\release\gametimer.obj
c:\users\damgo\desktop\game dev\graphics\coursework\nclgl\release\heightmap.obj
c:\users\damgo\desktop\game dev\graphics\coursework\nclgl\release\keyboard.obj
c:\users\damgo\desktop\game dev\graphics\coursework\nclgl\release\matrix4.obj
c:\users\damgo\desktop\game dev\graphics\coursework\nclgl\release\md5anim.obj
c:\users\damgo\desktop\game dev\graphics\coursework\nclgl\release\md5filedata.obj
c:\users\damgo\desktop\game dev\graphics\coursework\nclgl\release\md5mesh.obj
c:\users\damgo\desktop\game dev\graphics\coursework\nclgl\release\md5node.obj
c:\users\damgo\desktop\game dev\graphics\coursework\nclgl\release\mesh.obj
c:\users\damgo\desktop\game dev\graphics\coursework\nclgl\release\mouse.obj
c:\users\damgo\desktop\game dev\graphics\coursework\nclgl\release\objmesh.obj
c:\users\damgo\desktop\game dev\graphics\coursework\nclgl\release\oglrenderer.obj
c:\users\damgo\desktop\game dev\graphics\coursework\nclgl\release\plane.obj
c:\users\damgo\desktop\game dev\graphics\coursework\nclgl\release\quaternion.obj
c:\users\damgo\desktop\game dev\graphics\coursework\nclgl\release\scenenode.obj
c:\users\damgo\desktop\game dev\graphics\coursework\nclgl\release\shader.obj
c:\users\damgo\desktop\game dev\graphics\coursework\nclgl\release\window.obj
c:\users\damgo\desktop\game dev\graphics\coursework\nclgl\release\nclgl.pdb
c:\users\damgo\desktop\game dev\graphics\coursework\nclgl\release\nclgl.tlog\cl.command.1.tlog
c:\users\damgo\desktop\game dev\graphics\coursework\nclgl\release\nclgl.tlog\cl.read.1.tlog
c:\users\damgo\desktop\game dev\graphics\coursework\nclgl\release\nclgl.tlog\cl.write.1.tlog
c:\users\damgo\desktop\game dev\graphics\coursework\nclgl\release\nclgl.tlog\lib-link.read.1.tlog
c:\users\damgo\desktop\game dev\graphics\coursework\nclgl\release\nclgl.tlog\lib-link.write.1.tlog
c:\users\damgo\desktop\game dev\graphics\coursework\nclgl\release\nclgl.tlog\lib.command.1.tlog
